<?xml version="1.0" encoding="UTF-8"?>
<testng-results skipped="0" failed="0" ignored="0" total="1" passed="1">
  <reporter-output>
  </reporter-output>
  <suite name="Default suite" duration-ms="150" started-at="2017-11-30T02:33:04Z" finished-at="2017-11-30T02:33:04Z">
    <groups>
    </groups>
    <test name="Default test" duration-ms="150" started-at="2017-11-30T02:33:04Z" finished-at="2017-11-30T02:33:04Z">
      <class name="superCalculator.CalculatorTest">
        <test-method status="PASS" signature="testDisplay()[pri:0, instance:superCalculator.CalculatorTest@1593948d]" name="testDisplay" duration-ms="36" started-at="2017-11-30T13:33:04Z" finished-at="2017-11-30T13:33:04Z">
          <reporter-output>
          </reporter-output>
        </test-method> <!-- testDisplay -->
      </class> <!-- superCalculator.CalculatorTest -->
    </test> <!-- Default test -->
  </suite> <!-- Default suite -->
</testng-results>
