<?xml version="1.0" encoding="UTF-8"?>
<!-- Generated by org.testng.reporters.JUnitXMLReporter -->
<testsuite hostname="DESKTOP-IF6CDAP" ignored="1" name="TestAdd" tests="4" failures="0" timestamp="23 Nov 2017 21:41:31 GMT" time="0.224" errors="0">
  <testcase name="testAddOnePositiveOneNegative" time="0.034" classname="vamshee.calculator.tests.TestAdd"/>
  <testcase name="testAddTwoNegatives" time="0.004" classname="vamshee.calculator.tests.TestAdd"/>
  <testcase name="testAddTwoPositiveIntegers" time="0.01" classname="vamshee.calculator.tests.TestAdd"/>
  <testcase name="testAddTwoZeros" time="0.008" classname="vamshee.calculator.tests.TestAdd"/>
  <testcase name="test" time="0.0" classname="vamshee.calculator.tests.TestAdd">
    <ignored/>
  </testcase> <!-- test -->
</testsuite> <!-- TestAdd -->
