<?xml version="1.0" encoding="UTF-8"?>
<!-- Generated by org.testng.reporters.JUnitXMLReporter -->
<testsuite hostname="DESKTOP-IF6CDAP" ignored="4" name="TestAddOneMethod" tests="1" failures="0" timestamp="23 Nov 2017 21:41:31 GMT" time="0.018" errors="0">
  <testcase name="testAddOnePositiveOneNegative" time="0.002" classname="vamshee.calculator.tests.TestAdd"/>
  <testcase name="testAddTwoPositiveIntegers" time="0.0" classname="vamshee.calculator.tests.TestAdd">
    <ignored/>
  </testcase> <!-- testAddTwoPositiveIntegers -->
  <testcase name="test" time="0.0" classname="vamshee.calculator.tests.TestAdd">
    <ignored/>
  </testcase> <!-- test -->
  <testcase name="testAddTwoNegatives" time="0.0" classname="vamshee.calculator.tests.TestAdd">
    <ignored/>
  </testcase> <!-- testAddTwoNegatives -->
  <testcase name="testAddTwoZeros" time="0.0" classname="vamshee.calculator.tests.TestAdd">
    <ignored/>
  </testcase> <!-- testAddTwoZeros -->
</testsuite> <!-- TestAddOneMethod -->
